<?xml version="1.0" encoding="UTF-8"?>
<testsuite xmlns:xsi="http://www.w3.org/2001/XMLSchema-instance" xsi:noNamespaceSchemaLocation="https://maven.apache.org/surefire/maven-surefire-plugin/xsd/surefire-test-report-3.0.xsd" version="3.0" name="runner.RunCucumberTest" time="117.646" tests="10" errors="0" skipped="0" failures="0">
  <properties>
[...]
</properties>
  <testcase name="Loard of Love" classname="Articles info" time="9.859">
    <system-out><![CDATA[[TRACE] 2022-07-30 14:00:57.972 [main] BaseClass - All methods are initialising 
[FATAL] 2022-07-30 14:00:57.975 [main] BaseClass - Initialising all the methods at a time
[WARN ] 2022-07-30 14:01:00.508 [main] BaseClass - Driver invoked 
[FATAL] 2022-07-30 14:01:00.509 [main] BaseClass - initializing the Browser
[FATAL] 2022-07-30 14:01:03.670 [main] BaseClass - Navigating to that url
[ERROR] 2022-07-30 14:01:03.671 [main] BaseClass - Causing null pointer while navigate to the homePage
[FATAL] 2022-07-30 14:01:06.229 [main] BaseClass - Training to close popUp
[TRACE] 2022-07-30 14:01:06.274 [main] BaseClass - calling the method
[FATAL] 2022-07-30 14:01:06.943 [main] BaseClass - Assertion passes
[TRACE] 2022-07-30 14:01:06.943 [main] BaseClass - Excuted sucessfully
[WARN ] 2022-07-30 14:01:07.834 [main] BaseClass - Driver Closed 
[DEBUG] 2022-07-30 14:01:07.834 [main] BaseClass - Closing the browser
]]></system-out>
    <system-err><![CDATA[Starting Microsoft Edge WebDriver 103.0.1264.71 (1f7a1d165042010b399db54bd56390dd47e15013) on port 14500
To submit feedback, report a bug, or suggest new features, please visit https://github.com/MicrosoftEdge/EdgeWebDriver

Only local connections are allowed.
Please see https://aka.ms/WebDriverSecurity for suggestions on keeping Microsoft Edge WebDriver safe.

Microsoft Edge WebDriver was started successfully.
Jul 30, 2022 2:01:00 PM org.openqa.selenium.remote.ProtocolHandshake createSession
INFO: Detected dialect: W3C
]]></system-err>
  </testcase>
  <testcase name="our Ambition" classname="Tide Commitment" time="8.855">
    <system-out><![CDATA[[WARN ] 2022-07-30 14:01:09.455 [main] BaseClass - Driver invoked 
[FATAL] 2022-07-30 14:01:09.456 [main] BaseClass - initializing the Browser
[FATAL] 2022-07-30 14:01:12.410 [main] BaseClass - Navigating to that url
[ERROR] 2022-07-30 14:01:12.411 [main] BaseClass - Causing null pointer while navigate to the homePage
[FATAL] 2022-07-30 14:01:14.801 [main] BaseClass - Training to close popUp
[FATAL] 2022-07-30 14:01:15.760 [main] BaseClass - Assertion passes
We have always created products that improve people’s lives now and for generations to come—in fact sustainability and social good have always been a part of our business strategy.
[TRACE] 2022-07-30 14:01:15.760 [main] BaseClass - Excuted sucessfully
[WARN ] 2022-07-30 14:01:16.695 [main] BaseClass - Driver Closed 
[DEBUG] 2022-07-30 14:01:16.695 [main] BaseClass - Closing the browser
]]></system-out>
    <system-err><![CDATA[Starting Microsoft Edge WebDriver 103.0.1264.71 (1f7a1d165042010b399db54bd56390dd47e15013) on port 12489
To submit feedback, report a bug, or suggest new features, please visit https://github.com/MicrosoftEdge/EdgeWebDriver

Only local connections are allowed.
Please see https://aka.ms/WebDriverSecurity for suggestions on keeping Microsoft Edge WebDriver safe.

Microsoft Edge WebDriver was started successfully.
Jul 30, 2022 2:01:09 PM org.openqa.selenium.remote.ProtocolHandshake createSession
INFO: Detected dialect: W3C
]]></system-err>
  </testcase>
  <testcase name="Rewards" classname="Coupons and Rewards" time="10.563">
    <system-out><![CDATA[[WARN ] 2022-07-30 14:01:18.365 [main] BaseClass - Driver invoked 
[FATAL] 2022-07-30 14:01:18.366 [main] BaseClass - initializing the Browser
[FATAL] 2022-07-30 14:01:20.701 [main] BaseClass - Navigating to that url
[ERROR] 2022-07-30 14:01:20.702 [main] BaseClass - Causing null pointer while navigate to the homePage
[FATAL] 2022-07-30 14:01:23.132 [main] BaseClass - Training to close popUp
[FATAL] 2022-07-30 14:01:26.346 [main] BaseClass - Assertion passes
Signup Now - Get Access to Exclusive Tide Coupons | P&GGoodEveryday
[TRACE] 2022-07-30 14:01:26.346 [main] BaseClass - Excuted sucessfully
[WARN ] 2022-07-30 14:01:27.257 [main] BaseClass - Driver Closed 
[DEBUG] 2022-07-30 14:01:27.258 [main] BaseClass - Closing the browser
]]></system-out>
    <system-err><![CDATA[Starting Microsoft Edge WebDriver 103.0.1264.71 (1f7a1d165042010b399db54bd56390dd47e15013) on port 18210
To submit feedback, report a bug, or suggest new features, please visit https://github.com/MicrosoftEdge/EdgeWebDriver

Only local connections are allowed.
Please see https://aka.ms/WebDriverSecurity for suggestions on keeping Microsoft Edge WebDriver safe.

Microsoft Edge WebDriver was started successfully.
Jul 30, 2022 2:01:18 PM org.openqa.selenium.remote.ProtocolHandshake createSession
INFO: Detected dialect: W3C
]]></system-err>
  </testcase>
  <testcase name="Title of your scenario" classname="Mechine care" time="11.255">
    <system-out><![CDATA[[WARN ] 2022-07-30 14:01:29.037 [main] BaseClass - Driver invoked 
[FATAL] 2022-07-30 14:01:29.037 [main] BaseClass - initializing the Browser
[FATAL] 2022-07-30 14:01:33.933 [main] BaseClass - Navigating to that url
[ERROR] 2022-07-30 14:01:33.933 [main] BaseClass - Causing null pointer while navigate to the homePage
[FATAL] 2022-07-30 14:01:36.025 [main] BaseClass - Training to close popUp
Washing Machine Cleaner
[FATAL] 2022-07-30 14:01:37.559 [main] BaseClass - Assertion passes
[TRACE] 2022-07-30 14:01:37.559 [main] BaseClass - Excuted sucessfully
[WARN ] 2022-07-30 14:01:38.513 [main] BaseClass - Driver Closed 
[DEBUG] 2022-07-30 14:01:38.513 [main] BaseClass - Closing the browser
]]></system-out>
    <system-err><![CDATA[Starting Microsoft Edge WebDriver 103.0.1264.71 (1f7a1d165042010b399db54bd56390dd47e15013) on port 7874
To submit feedback, report a bug, or suggest new features, please visit https://github.com/MicrosoftEdge/EdgeWebDriver

Only local connections are allowed.
Please see https://aka.ms/WebDriverSecurity for suggestions on keeping Microsoft Edge WebDriver safe.

Microsoft Edge WebDriver was started successfully.
Jul 30, 2022 2:01:28 PM org.openqa.selenium.remote.ProtocolHandshake createSession
INFO: Detected dialect: W3C
]]></system-err>
  </testcase>
  <testcase name="Check Egg stains" classname="Information Articles" time="11.613">
    <system-out><![CDATA[[WARN ] 2022-07-30 14:01:40.197 [main] BaseClass - Driver invoked 
[FATAL] 2022-07-30 14:01:40.198 [main] BaseClass - initializing the Browser
[FATAL] 2022-07-30 14:01:45.387 [main] BaseClass - Navigating to that url
[ERROR] 2022-07-30 14:01:45.388 [main] BaseClass - Causing null pointer while navigate to the homePage
[FATAL] 2022-07-30 14:01:47.199 [main] BaseClass - Training to close popUp
How to Remove Egg Stains
[FATAL] 2022-07-30 14:01:49.182 [main] BaseClass - Assertion passes
[TRACE] 2022-07-30 14:01:49.182 [main] BaseClass - Excuted sucessfully
[WARN ] 2022-07-30 14:01:50.127 [main] BaseClass - Driver Closed 
[DEBUG] 2022-07-30 14:01:50.127 [main] BaseClass - Closing the browser
]]></system-out>
    <system-err><![CDATA[Starting Microsoft Edge WebDriver 103.0.1264.71 (1f7a1d165042010b399db54bd56390dd47e15013) on port 18875
To submit feedback, report a bug, or suggest new features, please visit https://github.com/MicrosoftEdge/EdgeWebDriver

Only local connections are allowed.
Please see https://aka.ms/WebDriverSecurity for suggestions on keeping Microsoft Edge WebDriver safe.

Microsoft Edge WebDriver was started successfully.
Jul 30, 2022 2:01:40 PM org.openqa.selenium.remote.ProtocolHandshake createSession
INFO: Detected dialect: W3C
]]></system-err>
  </testcase>
  <testcase name="Title of your scenario" classname="Title of your feature" time="17.733">
    <system-out><![CDATA[[WARN ] 2022-07-30 14:01:51.834 [main] BaseClass - Driver invoked 
[FATAL] 2022-07-30 14:01:51.834 [main] BaseClass - initializing the Browser
[FATAL] 2022-07-30 14:01:56.750 [main] BaseClass - Navigating to that url
[ERROR] 2022-07-30 14:01:56.751 [main] BaseClass - Causing null pointer while navigate to the homePage
[FATAL] 2022-07-30 14:01:58.909 [main] BaseClass - Training to close popUp
Simply Plus Bleach Alternative
[WARN ] 2022-07-30 14:02:07.859 [main] BaseClass - Driver Closed 
[DEBUG] 2022-07-30 14:02:07.859 [main] BaseClass - Closing the browser
]]></system-out>
    <system-err><![CDATA[Starting Microsoft Edge WebDriver 103.0.1264.71 (1f7a1d165042010b399db54bd56390dd47e15013) on port 47656
To submit feedback, report a bug, or suggest new features, please visit https://github.com/MicrosoftEdge/EdgeWebDriver

Only local connections are allowed.
Please see https://aka.ms/WebDriverSecurity for suggestions on keeping Microsoft Edge WebDriver safe.

Microsoft Edge WebDriver was started successfully.
Jul 30, 2022 2:01:51 PM org.openqa.selenium.remote.ProtocolHandshake createSession
INFO: Detected dialect: W3C
]]></system-err>
  </testcase>
  <testcase name="Title of your scenario" classname="Live Chat" time="8.445">
    <system-out><![CDATA[[WARN ] 2022-07-30 14:02:09.523 [main] BaseClass - Driver invoked 
[FATAL] 2022-07-30 14:02:09.524 [main] BaseClass - initializing the Browser
[FATAL] 2022-07-30 14:02:12.532 [main] BaseClass - Navigating to that url
[ERROR] 2022-07-30 14:02:12.533 [main] BaseClass - Causing null pointer while navigate to the homePage
[FATAL] 2022-07-30 14:02:15.082 [main] BaseClass - Training to close popUp
Tide's expert clean team is here to help you via our online chat. Available from Monday to Friday between 10 AM and 6 PM, we're happy to answer all your laundry-related questions.
[FATAL] 2022-07-30 14:02:15.455 [main] BaseClass - Assertion passes
[TRACE] 2022-07-30 14:02:15.455 [main] BaseClass - Excuted sucessfully
[WARN ] 2022-07-30 14:02:16.304 [main] BaseClass - Driver Closed 
[DEBUG] 2022-07-30 14:02:16.304 [main] BaseClass - Closing the browser
]]></system-out>
    <system-err><![CDATA[Starting Microsoft Edge WebDriver 103.0.1264.71 (1f7a1d165042010b399db54bd56390dd47e15013) on port 6979
To submit feedback, report a bug, or suggest new features, please visit https://github.com/MicrosoftEdge/EdgeWebDriver

Only local connections are allowed.
Please see https://aka.ms/WebDriverSecurity for suggestions on keeping Microsoft Edge WebDriver safe.

Microsoft Edge WebDriver was started successfully.
Jul 30, 2022 2:02:09 PM org.openqa.selenium.remote.ProtocolHandshake createSession
INFO: Detected dialect: W3C
]]></system-err>
  </testcase>
  <testcase name="Title of your scenario" classname="New Launches" time="8.81">
    <system-out><![CDATA[[WARN ] 2022-07-30 14:02:18.079 [main] BaseClass - Driver invoked 
[FATAL] 2022-07-30 14:02:18.080 [main] BaseClass - initializing the Browser
[FATAL] 2022-07-30 14:02:21.365 [main] BaseClass - Navigating to that url
[ERROR] 2022-07-30 14:02:21.366 [main] BaseClass - Causing null pointer while navigate to the homePage
[FATAL] 2022-07-30 14:02:23.666 [main] BaseClass - Training to close popUp
Tide in Space
[FATAL] 2022-07-30 14:02:24.191 [main] BaseClass - Assertion passes
[TRACE] 2022-07-30 14:02:24.191 [main] BaseClass - Excuted sucessfully
[WARN ] 2022-07-30 14:02:25.113 [main] BaseClass - Driver Closed 
[DEBUG] 2022-07-30 14:02:25.113 [main] BaseClass - Closing the browser
]]></system-out>
    <system-err><![CDATA[Starting Microsoft Edge WebDriver 103.0.1264.71 (1f7a1d165042010b399db54bd56390dd47e15013) on port 5472
To submit feedback, report a bug, or suggest new features, please visit https://github.com/MicrosoftEdge/EdgeWebDriver

Only local connections are allowed.
Please see https://aka.ms/WebDriverSecurity for suggestions on keeping Microsoft Edge WebDriver safe.

Microsoft Edge WebDriver was started successfully.
Jul 30, 2022 2:02:17 PM org.openqa.selenium.remote.ProtocolHandshake createSession
INFO: Detected dialect: W3C
]]></system-err>
  </testcase>
  <testcase name="Title of your scenario" classname="Customised products" time="16.223">
    <system-out><![CDATA[[WARN ] 2022-07-30 14:02:26.928 [main] BaseClass - Driver invoked 
[FATAL] 2022-07-30 14:02:26.928 [main] BaseClass - initializing the Browser
[FATAL] 2022-07-30 14:02:32.193 [main] BaseClass - Navigating to that url
[ERROR] 2022-07-30 14:02:32.193 [main] BaseClass - Causing null pointer while navigate to the homePage
[FATAL] 2022-07-30 14:02:34.426 [main] BaseClass - Training to close popUp
$11.58
[FATAL] 2022-07-30 14:02:40.466 [main] BaseClass - Assertion passes
[TRACE] 2022-07-30 14:02:40.466 [main] BaseClass - Excuted sucessfully
[WARN ] 2022-07-30 14:02:41.337 [main] BaseClass - Driver Closed 
[DEBUG] 2022-07-30 14:02:41.337 [main] BaseClass - Closing the browser
]]></system-out>
    <system-err><![CDATA[Starting Microsoft Edge WebDriver 103.0.1264.71 (1f7a1d165042010b399db54bd56390dd47e15013) on port 23090
To submit feedback, report a bug, or suggest new features, please visit https://github.com/MicrosoftEdge/EdgeWebDriver

Only local connections are allowed.
Please see https://aka.ms/WebDriverSecurity for suggestions on keeping Microsoft Edge WebDriver safe.

Microsoft Edge WebDriver was started successfully.
Jul 30, 2022 2:02:26 PM org.openqa.selenium.remote.ProtocolHandshake createSession
INFO: Detected dialect: W3C
]]></system-err>
  </testcase>
  <testcase name="Title of your scenario" classname="Terms and conditions" time="9.762">
    <system-out><![CDATA[[WARN ] 2022-07-30 14:02:42.881 [main] BaseClass - Driver invoked 
[FATAL] 2022-07-30 14:02:42.882 [main] BaseClass - initializing the Browser
[FATAL] 2022-07-30 14:02:46.293 [main] BaseClass - Navigating to that url
[ERROR] 2022-07-30 14:02:46.293 [main] BaseClass - Causing null pointer while navigate to the homePage
[FATAL] 2022-07-30 14:02:48.202 [main] BaseClass - Training to close popUp
P&G Terms & Conditions: electronic signature, chat room
[FATAL] 2022-07-30 14:02:50.185 [main] BaseClass - Assertion passes
[TRACE] 2022-07-30 14:02:50.185 [main] BaseClass - Excuted sucessfully
[WARN ] 2022-07-30 14:02:51.099 [main] BaseClass - Driver Closed 
[DEBUG] 2022-07-30 14:02:51.099 [main] BaseClass - Closing the browser
]]></system-out>
    <system-err><![CDATA[Starting Microsoft Edge WebDriver 103.0.1264.71 (1f7a1d165042010b399db54bd56390dd47e15013) on port 13994
To submit feedback, report a bug, or suggest new features, please visit https://github.com/MicrosoftEdge/EdgeWebDriver

Only local connections are allowed.
Please see https://aka.ms/WebDriverSecurity for suggestions on keeping Microsoft Edge WebDriver safe.

Microsoft Edge WebDriver was started successfully.
Jul 30, 2022 2:02:42 PM org.openqa.selenium.remote.ProtocolHandshake createSession
INFO: Detected dialect: W3C
]]></system-err>
  </testcase>
</testsuite>