<?xml version="1.0" encoding="UTF-8"?>
<!-- Generated by org.testng.reporters.JUnitXMLReporter -->
<testsuite ignored="18" hostname="MT-PF1F14DK" failures="0" tests="10" name="Test" time="110.147" errors="0" timestamp="2022-07-30T00:24:55 IST">
  <testcase classname="runner.TideSearchFunctionTest" name="productSearch" time="8.023"/>
  <testcase classname="runner.TideProductsPageTest" name="productsTest" time="6.505"/>
  <testcase classname="runner.TideInoWashPageTest" name="RemoveStains" time="3.986"/>
  <testcase classname="runner.TideCommitmentTest" name="commitment" time="2.926"/>
  <testcase classname="runner.TideProductTypeTest" name="productTest" time="3.637"/>
  <testcase classname="runner.TideTandCTest" name="termsCon" time="3.679"/>
  <testcase classname="runner.TideArticleTest" name="article" time="3.116"/>
  <testcase classname="runner.TideCoupnAndrRewardTest" name="rewadsTest" time="4.746"/>
  <testcase classname="runner.TideNewLaunchTest" name="newLaunch" time="2.727"/>
  <testcase classname="runner.TideLiveChatPageTest" name="chatWithSupport" time="2.657"/>
  <testcase classname="reusable.BaseClass" name="@BeforeSuite initialize" time="0.0">
    <ignored/>
  </testcase> <!-- @BeforeSuite initialize -->
  <testcase classname="reusable.BaseClass" name="@BeforeSuite initialize" time="0.0">
    <ignored/>
  </testcase> <!-- @BeforeSuite initialize -->
  <testcase classname="reusable.BaseClass" name="@BeforeSuite initialize" time="0.0">
    <ignored/>
  </testcase> <!-- @BeforeSuite initialize -->
  <testcase classname="reusable.BaseClass" name="@BeforeSuite initialize" time="0.0">
    <ignored/>
  </testcase> <!-- @BeforeSuite initialize -->
  <testcase classname="reusable.BaseClass" name="@BeforeSuite initialize" time="0.0">
    <ignored/>
  </testcase> <!-- @BeforeSuite initialize -->
  <testcase classname="reusable.BaseClass" name="@BeforeSuite initialize" time="0.0">
    <ignored/>
  </testcase> <!-- @BeforeSuite initialize -->
  <testcase classname="reusable.BaseClass" name="@BeforeSuite initialize" time="0.0">
    <ignored/>
  </testcase> <!-- @BeforeSuite initialize -->
  <testcase classname="reusable.BaseClass" name="@BeforeSuite initialize" time="0.0">
    <ignored/>
  </testcase> <!-- @BeforeSuite initialize -->
  <testcase classname="reusable.BaseClass" name="@BeforeSuite initialize" time="0.0">
    <ignored/>
  </testcase> <!-- @BeforeSuite initialize -->
  <testcase classname="reusable.BaseClass" name="@AfterSuite quit" time="0.0">
    <ignored/>
  </testcase> <!-- @AfterSuite quit -->
  <testcase classname="reusable.BaseClass" name="@AfterSuite quit" time="0.0">
    <ignored/>
  </testcase> <!-- @AfterSuite quit -->
  <testcase classname="reusable.BaseClass" name="@AfterSuite quit" time="0.0">
    <ignored/>
  </testcase> <!-- @AfterSuite quit -->
  <testcase classname="reusable.BaseClass" name="@AfterSuite quit" time="0.0">
    <ignored/>
  </testcase> <!-- @AfterSuite quit -->
  <testcase classname="reusable.BaseClass" name="@AfterSuite quit" time="0.0">
    <ignored/>
  </testcase> <!-- @AfterSuite quit -->
  <testcase classname="reusable.BaseClass" name="@AfterSuite quit" time="0.0">
    <ignored/>
  </testcase> <!-- @AfterSuite quit -->
  <testcase classname="reusable.BaseClass" name="@AfterSuite quit" time="0.0">
    <ignored/>
  </testcase> <!-- @AfterSuite quit -->
  <testcase classname="reusable.BaseClass" name="@AfterSuite quit" time="0.0">
    <ignored/>
  </testcase> <!-- @AfterSuite quit -->
  <testcase classname="reusable.BaseClass" name="@AfterSuite quit" time="0.0">
    <ignored/>
  </testcase> <!-- @AfterSuite quit -->
</testsuite> <!-- Test -->
