<?xml version="1.0" encoding="UTF-8"?>
<testng-results ignored="18" total="28" passed="10" failed="0" skipped="0">
  <reporter-output>
  </reporter-output>
  <suite started-at="2022-07-30T00:23:04 IST" name="Suite" finished-at="2022-07-30T00:24:55 IST" duration-ms="110147">
    <groups>
    </groups>
    <test started-at="2022-07-30T00:23:04 IST" name="Test" finished-at="2022-07-30T00:24:55 IST" duration-ms="110147">
      <class name="runner.TideLiveChatPageTest">
        <test-method is-config="true" signature="openBrowser()[pri:0, instance:runner.TideLiveChatPageTest@4c4d27c8]" started-at="2022-07-30T00:24:46 IST" name="openBrowser" finished-at="2022-07-30T00:24:50 IST" duration-ms="4560" status="PASS">
          <reporter-output>
          </reporter-output>
        </test-method> <!-- openBrowser -->
        <test-method signature="chatWithSupport(java.lang.reflect.Method)[pri:0, instance:runner.TideLiveChatPageTest@4c4d27c8]" started-at="2022-07-30T00:24:50 IST" name="chatWithSupport" finished-at="2022-07-30T00:24:53 IST" duration-ms="2657" status="PASS">
          <params>
            <param index="0">
              <value>
                <![CDATA[public void runner.TideLiveChatPageTest.chatWithSupport(java.lang.reflect.Method)]]>
              </value>
            </param>
          </params>
          <reporter-output>
          </reporter-output>
        </test-method> <!-- chatWithSupport -->
        <test-method is-config="true" signature="validateTests(org.testng.ITestResult)[pri:0, instance:runner.TideLiveChatPageTest@4c4d27c8]" started-at="2022-07-30T00:24:53 IST" name="validateTests" finished-at="2022-07-30T00:24:54 IST" duration-ms="731" status="PASS">
          <params>
            <param index="0">
              <value>
                <![CDATA[[TestResult name=chatWithSupport status=SUCCESS method=TideLiveChatPageTest.chatWithSupport(java.lang.reflect.Method)[pri:0, instance:runner.TideLiveChatPageTest@4c4d27c8] output={null}]]]>
              </value>
            </param>
          </params>
          <reporter-output>
          </reporter-output>
        </test-method> <!-- validateTests -->
        <test-method is-config="true" signature="tearDown()[pri:0, instance:runner.TideLiveChatPageTest@4c4d27c8]" started-at="2022-07-30T00:24:54 IST" name="tearDown" finished-at="2022-07-30T00:24:55 IST" duration-ms="834" status="PASS">
          <reporter-output>
          </reporter-output>
        </test-method> <!-- tearDown -->
      </class> <!-- runner.TideLiveChatPageTest -->
      <class name="runner.TideCoupnAndrRewardTest">
        <test-method is-config="true" signature="openBrowser()[pri:0, instance:runner.TideCoupnAndrRewardTest@79145d5a]" started-at="2022-07-30T00:24:25 IST" name="openBrowser" finished-at="2022-07-30T00:24:31 IST" duration-ms="6157" status="PASS">
          <reporter-output>
          </reporter-output>
        </test-method> <!-- openBrowser -->
        <test-method signature="rewadsTest(java.lang.reflect.Method)[pri:0, instance:runner.TideCoupnAndrRewardTest@79145d5a]" started-at="2022-07-30T00:24:31 IST" name="rewadsTest" finished-at="2022-07-30T00:24:36 IST" duration-ms="4746" status="PASS">
          <params>
            <param index="0">
              <value>
                <![CDATA[public void runner.TideCoupnAndrRewardTest.rewadsTest(java.lang.reflect.Method)]]>
              </value>
            </param>
          </params>
          <reporter-output>
          </reporter-output>
        </test-method> <!-- rewadsTest -->
        <test-method is-config="true" signature="validateTests(org.testng.ITestResult)[pri:0, instance:runner.TideCoupnAndrRewardTest@79145d5a]" started-at="2022-07-30T00:24:36 IST" name="validateTests" finished-at="2022-07-30T00:24:37 IST" duration-ms="439" status="PASS">
          <params>
            <param index="0">
              <value>
                <![CDATA[[TestResult name=rewadsTest status=SUCCESS method=TideCoupnAndrRewardTest.rewadsTest(java.lang.reflect.Method)[pri:0, instance:runner.TideCoupnAndrRewardTest@79145d5a] output={null}]]]>
              </value>
            </param>
          </params>
          <reporter-output>
          </reporter-output>
        </test-method> <!-- validateTests -->
        <test-method is-config="true" signature="tearDown()[pri:0, instance:runner.TideCoupnAndrRewardTest@79145d5a]" started-at="2022-07-30T00:24:37 IST" name="tearDown" finished-at="2022-07-30T00:24:37 IST" duration-ms="871" status="PASS">
          <reporter-output>
          </reporter-output>
        </test-method> <!-- tearDown -->
      </class> <!-- runner.TideCoupnAndrRewardTest -->
      <class name="runner.TideInoWashPageTest">
        <test-method is-config="true" signature="openBrowser()[pri:0, instance:runner.TideInoWashPageTest@5b444398]" started-at="2022-07-30T00:23:30 IST" name="openBrowser" finished-at="2022-07-30T00:23:37 IST" duration-ms="6357" status="PASS">
          <reporter-output>
          </reporter-output>
        </test-method> <!-- openBrowser -->
        <test-method signature="RemoveStains(java.lang.reflect.Method)[pri:0, instance:runner.TideInoWashPageTest@5b444398]" started-at="2022-07-30T00:23:37 IST" name="RemoveStains" finished-at="2022-07-30T00:23:41 IST" duration-ms="3986" status="PASS">
          <params>
            <param index="0">
              <value>
                <![CDATA[public void runner.TideInoWashPageTest.RemoveStains(java.lang.reflect.Method)]]>
              </value>
            </param>
          </params>
          <reporter-output>
          </reporter-output>
        </test-method> <!-- RemoveStains -->
        <test-method is-config="true" signature="validateTests(org.testng.ITestResult)[pri:0, instance:runner.TideInoWashPageTest@5b444398]" started-at="2022-07-30T00:23:41 IST" name="validateTests" finished-at="2022-07-30T00:23:41 IST" duration-ms="460" status="PASS">
          <params>
            <param index="0">
              <value>
                <![CDATA[[TestResult name=RemoveStains status=SUCCESS method=TideInoWashPageTest.RemoveStains(java.lang.reflect.Method)[pri:0, instance:runner.TideInoWashPageTest@5b444398] output={null}]]]>
              </value>
            </param>
          </params>
          <reporter-output>
          </reporter-output>
        </test-method> <!-- validateTests -->
        <test-method is-config="true" signature="tearDown()[pri:0, instance:runner.TideInoWashPageTest@5b444398]" started-at="2022-07-30T00:23:41 IST" name="tearDown" finished-at="2022-07-30T00:23:42 IST" duration-ms="889" status="PASS">
          <reporter-output>
          </reporter-output>
        </test-method> <!-- tearDown -->
      </class> <!-- runner.TideInoWashPageTest -->
      <class name="runner.TideProductTypeTest">
        <test-method is-config="true" signature="openBrowser()[pri:0, instance:runner.TideProductTypeTest@42f48531]" started-at="2022-07-30T00:23:51 IST" name="openBrowser" finished-at="2022-07-30T00:23:58 IST" duration-ms="6920" status="PASS">
          <reporter-output>
          </reporter-output>
        </test-method> <!-- openBrowser -->
        <test-method signature="productTest(java.lang.reflect.Method)[pri:0, instance:runner.TideProductTypeTest@42f48531]" started-at="2022-07-30T00:23:58 IST" name="productTest" finished-at="2022-07-30T00:24:02 IST" duration-ms="3637" status="PASS">
          <params>
            <param index="0">
              <value>
                <![CDATA[public void runner.TideProductTypeTest.productTest(java.lang.reflect.Method)]]>
              </value>
            </param>
          </params>
          <reporter-output>
          </reporter-output>
        </test-method> <!-- productTest -->
        <test-method is-config="true" signature="validateTests(org.testng.ITestResult)[pri:0, instance:runner.TideProductTypeTest@42f48531]" started-at="2022-07-30T00:24:02 IST" name="validateTests" finished-at="2022-07-30T00:24:02 IST" duration-ms="298" status="PASS">
          <params>
            <param index="0">
              <value>
                <![CDATA[[TestResult name=productTest status=SUCCESS method=TideProductTypeTest.productTest(java.lang.reflect.Method)[pri:0, instance:runner.TideProductTypeTest@42f48531] output={null}]]]>
              </value>
            </param>
          </params>
          <reporter-output>
          </reporter-output>
        </test-method> <!-- validateTests -->
        <test-method is-config="true" signature="tearDown()[pri:0, instance:runner.TideProductTypeTest@42f48531]" started-at="2022-07-30T00:24:02 IST" name="tearDown" finished-at="2022-07-30T00:24:03 IST" duration-ms="888" status="PASS">
          <reporter-output>
          </reporter-output>
        </test-method> <!-- tearDown -->
      </class> <!-- runner.TideProductTypeTest -->
      <class name="runner.TideNewLaunchTest">
        <test-method is-config="true" signature="openBrowser()[pri:0, instance:runner.TideNewLaunchTest@1f2f9244]" started-at="2022-07-30T00:24:37 IST" name="openBrowser" finished-at="2022-07-30T00:24:42 IST" duration-ms="4469" status="PASS">
          <reporter-output>
          </reporter-output>
        </test-method> <!-- openBrowser -->
        <test-method signature="newLaunch(java.lang.reflect.Method)[pri:0, instance:runner.TideNewLaunchTest@1f2f9244]" started-at="2022-07-30T00:24:42 IST" name="newLaunch" finished-at="2022-07-30T00:24:45 IST" duration-ms="2727" status="PASS">
          <params>
            <param index="0">
              <value>
                <![CDATA[public void runner.TideNewLaunchTest.newLaunch(java.lang.reflect.Method)]]>
              </value>
            </param>
          </params>
          <reporter-output>
          </reporter-output>
        </test-method> <!-- newLaunch -->
        <test-method is-config="true" signature="validateTests(org.testng.ITestResult)[pri:0, instance:runner.TideNewLaunchTest@1f2f9244]" started-at="2022-07-30T00:24:45 IST" name="validateTests" finished-at="2022-07-30T00:24:45 IST" duration-ms="328" status="PASS">
          <params>
            <param index="0">
              <value>
                <![CDATA[[TestResult name=newLaunch status=SUCCESS method=TideNewLaunchTest.newLaunch(java.lang.reflect.Method)[pri:0, instance:runner.TideNewLaunchTest@1f2f9244] output={null}]]]>
              </value>
            </param>
          </params>
          <reporter-output>
          </reporter-output>
        </test-method> <!-- validateTests -->
        <test-method is-config="true" signature="tearDown()[pri:0, instance:runner.TideNewLaunchTest@1f2f9244]" started-at="2022-07-30T00:24:45 IST" name="tearDown" finished-at="2022-07-30T00:24:46 IST" duration-ms="872" status="PASS">
          <reporter-output>
          </reporter-output>
        </test-method> <!-- tearDown -->
      </class> <!-- runner.TideNewLaunchTest -->
      <class name="runner.TideProductsPageTest">
        <test-method is-config="true" signature="openBrowser()[pri:0, instance:runner.TideProductsPageTest@15cafec7]" started-at="2022-07-30T00:23:18 IST" name="openBrowser" finished-at="2022-07-30T00:23:23 IST" duration-ms="4360" status="PASS">
          <reporter-output>
          </reporter-output>
        </test-method> <!-- openBrowser -->
        <test-method signature="productsTest(java.lang.reflect.Method)[pri:0, instance:runner.TideProductsPageTest@15cafec7]" started-at="2022-07-30T00:23:23 IST" name="productsTest" finished-at="2022-07-30T00:23:29 IST" duration-ms="6505" status="PASS">
          <params>
            <param index="0">
              <value>
                <![CDATA[public void runner.TideProductsPageTest.productsTest(java.lang.reflect.Method)]]>
              </value>
            </param>
          </params>
          <reporter-output>
          </reporter-output>
        </test-method> <!-- productsTest -->
        <test-method is-config="true" signature="validateTests(org.testng.ITestResult)[pri:0, instance:runner.TideProductsPageTest@15cafec7]" started-at="2022-07-30T00:23:29 IST" name="validateTests" finished-at="2022-07-30T00:23:30 IST" duration-ms="288" status="PASS">
          <params>
            <param index="0">
              <value>
                <![CDATA[[TestResult name=productsTest status=SUCCESS method=TideProductsPageTest.productsTest(java.lang.reflect.Method)[pri:0, instance:runner.TideProductsPageTest@15cafec7] output={null}]]]>
              </value>
            </param>
          </params>
          <reporter-output>
          </reporter-output>
        </test-method> <!-- validateTests -->
        <test-method is-config="true" signature="tearDown()[pri:0, instance:runner.TideProductsPageTest@15cafec7]" started-at="2022-07-30T00:23:30 IST" name="tearDown" finished-at="2022-07-30T00:23:30 IST" duration-ms="842" status="PASS">
          <reporter-output>
          </reporter-output>
        </test-method> <!-- tearDown -->
      </class> <!-- runner.TideProductsPageTest -->
      <class name="runner.TideCommitmentTest">
        <test-method is-config="true" signature="openBrowser()[pri:0, instance:runner.TideCommitmentTest@cb191ca]" started-at="2022-07-30T00:23:42 IST" name="openBrowser" finished-at="2022-07-30T00:23:47 IST" duration-ms="4653" status="PASS">
          <reporter-output>
          </reporter-output>
        </test-method> <!-- openBrowser -->
        <test-method signature="commitment(java.lang.reflect.Method)[pri:0, instance:runner.TideCommitmentTest@cb191ca]" started-at="2022-07-30T00:23:47 IST" name="commitment" finished-at="2022-07-30T00:23:50 IST" duration-ms="2926" status="PASS">
          <params>
            <param index="0">
              <value>
                <![CDATA[public void runner.TideCommitmentTest.commitment(java.lang.reflect.Method)]]>
              </value>
            </param>
          </params>
          <reporter-output>
          </reporter-output>
        </test-method> <!-- commitment -->
        <test-method is-config="true" signature="validateTests(org.testng.ITestResult)[pri:0, instance:runner.TideCommitmentTest@cb191ca]" started-at="2022-07-30T00:23:50 IST" name="validateTests" finished-at="2022-07-30T00:23:50 IST" duration-ms="697" status="PASS">
          <params>
            <param index="0">
              <value>
                <![CDATA[[TestResult name=commitment status=SUCCESS method=TideCommitmentTest.commitment(java.lang.reflect.Method)[pri:0, instance:runner.TideCommitmentTest@cb191ca] output={null}]]]>
              </value>
            </param>
          </params>
          <reporter-output>
          </reporter-output>
        </test-method> <!-- validateTests -->
        <test-method is-config="true" signature="tearDown()[pri:0, instance:runner.TideCommitmentTest@cb191ca]" started-at="2022-07-30T00:23:50 IST" name="tearDown" finished-at="2022-07-30T00:23:51 IST" duration-ms="894" status="PASS">
          <reporter-output>
          </reporter-output>
        </test-method> <!-- tearDown -->
      </class> <!-- runner.TideCommitmentTest -->
      <class name="runner.TideArticleTest">
        <test-method is-config="true" signature="openBrowser()[pri:0, instance:runner.TideArticleTest@792bbc74]" started-at="2022-07-30T00:24:14 IST" name="openBrowser" finished-at="2022-07-30T00:24:21 IST" duration-ms="6902" status="PASS">
          <reporter-output>
          </reporter-output>
        </test-method> <!-- openBrowser -->
        <test-method signature="article(java.lang.reflect.Method)[pri:0, instance:runner.TideArticleTest@792bbc74]" started-at="2022-07-30T00:24:21 IST" name="article" finished-at="2022-07-30T00:24:24 IST" duration-ms="3116" status="PASS">
          <params>
            <param index="0">
              <value>
                <![CDATA[public void runner.TideArticleTest.article(java.lang.reflect.Method)]]>
              </value>
            </param>
          </params>
          <reporter-output>
          </reporter-output>
        </test-method> <!-- article -->
        <test-method is-config="true" signature="validateTests(org.testng.ITestResult)[pri:0, instance:runner.TideArticleTest@792bbc74]" started-at="2022-07-30T00:24:24 IST" name="validateTests" finished-at="2022-07-30T00:24:24 IST" duration-ms="241" status="PASS">
          <params>
            <param index="0">
              <value>
                <![CDATA[[TestResult name=article status=SUCCESS method=TideArticleTest.article(java.lang.reflect.Method)[pri:0, instance:runner.TideArticleTest@792bbc74] output={null}]]]>
              </value>
            </param>
          </params>
          <reporter-output>
          </reporter-output>
        </test-method> <!-- validateTests -->
        <test-method is-config="true" signature="tearDown()[pri:0, instance:runner.TideArticleTest@792bbc74]" started-at="2022-07-30T00:24:24 IST" name="tearDown" finished-at="2022-07-30T00:24:25 IST" duration-ms="889" status="PASS">
          <reporter-output>
          </reporter-output>
        </test-method> <!-- tearDown -->
      </class> <!-- runner.TideArticleTest -->
      <class name="runner.TideSearchFunctionTest">
        <test-method is-config="true" signature="initialize()[pri:0, instance:runner.TideSearchFunctionTest@2a3c96e3]" started-at="2022-07-30T00:23:04 IST" name="initialize" finished-at="2022-07-30T00:23:04 IST" duration-ms="731" status="PASS">
          <reporter-output>
          </reporter-output>
        </test-method> <!-- initialize -->
        <test-method is-config="true" signature="openBrowser()[pri:0, instance:runner.TideSearchFunctionTest@2a3c96e3]" started-at="2022-07-30T00:23:04 IST" name="openBrowser" finished-at="2022-07-30T00:23:09 IST" duration-ms="4729" status="PASS">
          <reporter-output>
          </reporter-output>
        </test-method> <!-- openBrowser -->
        <test-method signature="productSearch(java.lang.reflect.Method)[pri:0, instance:runner.TideSearchFunctionTest@2a3c96e3]" started-at="2022-07-30T00:23:09 IST" name="productSearch" finished-at="2022-07-30T00:23:17 IST" duration-ms="8023" status="PASS">
          <params>
            <param index="0">
              <value>
                <![CDATA[public void runner.TideSearchFunctionTest.productSearch(java.lang.reflect.Method)]]>
              </value>
            </param>
          </params>
          <reporter-output>
          </reporter-output>
        </test-method> <!-- productSearch -->
        <test-method is-config="true" signature="validateTests(org.testng.ITestResult)[pri:0, instance:runner.TideSearchFunctionTest@2a3c96e3]" started-at="2022-07-30T00:23:17 IST" name="validateTests" finished-at="2022-07-30T00:23:18 IST" duration-ms="317" status="PASS">
          <params>
            <param index="0">
              <value>
                <![CDATA[[TestResult name=productSearch status=SUCCESS method=TideSearchFunctionTest.productSearch(java.lang.reflect.Method)[pri:0, instance:runner.TideSearchFunctionTest@2a3c96e3] output={null}]]]>
              </value>
            </param>
          </params>
          <reporter-output>
          </reporter-output>
        </test-method> <!-- validateTests -->
        <test-method is-config="true" signature="tearDown()[pri:0, instance:runner.TideSearchFunctionTest@2a3c96e3]" started-at="2022-07-30T00:23:18 IST" name="tearDown" finished-at="2022-07-30T00:23:18 IST" duration-ms="848" status="PASS">
          <reporter-output>
          </reporter-output>
        </test-method> <!-- tearDown -->
        <test-method is-config="true" signature="quit()[pri:0, instance:runner.TideSearchFunctionTest@2a3c96e3]" started-at="2022-07-30T00:24:55 IST" name="quit" finished-at="2022-07-30T00:24:55 IST" duration-ms="421" status="PASS">
          <reporter-output>
          </reporter-output>
        </test-method> <!-- quit -->
      </class> <!-- runner.TideSearchFunctionTest -->
      <class name="runner.TideTandCTest">
        <test-method is-config="true" signature="openBrowser()[pri:0, instance:runner.TideTandCTest@a776e]" started-at="2022-07-30T00:24:03 IST" name="openBrowser" finished-at="2022-07-30T00:24:09 IST" duration-ms="6184" status="PASS">
          <reporter-output>
          </reporter-output>
        </test-method> <!-- openBrowser -->
        <test-method signature="termsCon(java.lang.reflect.Method)[pri:0, instance:runner.TideTandCTest@a776e]" started-at="2022-07-30T00:24:09 IST" name="termsCon" finished-at="2022-07-30T00:24:13 IST" duration-ms="3679" status="PASS">
          <params>
            <param index="0">
              <value>
                <![CDATA[public void runner.TideTandCTest.termsCon(java.lang.reflect.Method)]]>
              </value>
            </param>
          </params>
          <reporter-output>
          </reporter-output>
        </test-method> <!-- termsCon -->
        <test-method is-config="true" signature="validateTests(org.testng.ITestResult)[pri:0, instance:runner.TideTandCTest@a776e]" started-at="2022-07-30T00:24:13 IST" name="validateTests" finished-at="2022-07-30T00:24:13 IST" duration-ms="263" status="PASS">
          <params>
            <param index="0">
              <value>
                <![CDATA[[TestResult name=termsCon status=SUCCESS method=TideTandCTest.termsCon(java.lang.reflect.Method)[pri:0, instance:runner.TideTandCTest@a776e] output={null}]]]>
              </value>
            </param>
          </params>
          <reporter-output>
          </reporter-output>
        </test-method> <!-- validateTests -->
        <test-method is-config="true" signature="tearDown()[pri:0, instance:runner.TideTandCTest@a776e]" started-at="2022-07-30T00:24:13 IST" name="tearDown" finished-at="2022-07-30T00:24:14 IST" duration-ms="901" status="PASS">
          <reporter-output>
          </reporter-output>
        </test-method> <!-- tearDown -->
      </class> <!-- runner.TideTandCTest -->
    </test> <!-- Test -->
  </suite> <!-- Suite -->
</testng-results>
