<?xml version="1.0" encoding="UTF-8"?>
<!-- Generated by org.testng.reporters.JUnitXMLReporter -->
<testsuite ignored="18" hostname="MT-PF1F14DK" failures="0" tests="10" name="Test" time="128.863" errors="0" timestamp="2022-07-30T13:11:02 IST">
  <testcase classname="runner.TideSearchFunctionTest" name="productSearch" time="8.347"/>
  <testcase classname="runner.TideProductsPageTest" name="productsTest" time="11.996"/>
  <testcase classname="runner.TideInoWashPageTest" name="RemoveStains" time="4.023"/>
  <testcase classname="runner.TideCommitmentTest" name="commitment" time="3.424"/>
  <testcase classname="runner.TideProductTypeTest" name="productTest" time="3.175"/>
  <testcase classname="runner.TideTandCTest" name="termsCon" time="3.712"/>
  <testcase classname="runner.TideArticleTest" name="article" time="3.177"/>
  <testcase classname="runner.TideCoupnAndrRewardTest" name="rewadsTest" time="5.686"/>
  <testcase classname="runner.TideNewLaunchTest" name="newLaunch" time="2.886"/>
  <testcase classname="runner.TideLiveChatPageTest" name="chatWithSupport" time="3.117"/>
  <testcase classname="reusable.BaseClass" name="@BeforeSuite initialize" time="0.0">
    <ignored/>
  </testcase> <!-- @BeforeSuite initialize -->
  <testcase classname="reusable.BaseClass" name="@BeforeSuite initialize" time="0.0">
    <ignored/>
  </testcase> <!-- @BeforeSuite initialize -->
  <testcase classname="reusable.BaseClass" name="@BeforeSuite initialize" time="0.0">
    <ignored/>
  </testcase> <!-- @BeforeSuite initialize -->
  <testcase classname="reusable.BaseClass" name="@BeforeSuite initialize" time="0.0">
    <ignored/>
  </testcase> <!-- @BeforeSuite initialize -->
  <testcase classname="reusable.BaseClass" name="@BeforeSuite initialize" time="0.0">
    <ignored/>
  </testcase> <!-- @BeforeSuite initialize -->
  <testcase classname="reusable.BaseClass" name="@BeforeSuite initialize" time="0.0">
    <ignored/>
  </testcase> <!-- @BeforeSuite initialize -->
  <testcase classname="reusable.BaseClass" name="@BeforeSuite initialize" time="0.0">
    <ignored/>
  </testcase> <!-- @BeforeSuite initialize -->
  <testcase classname="reusable.BaseClass" name="@BeforeSuite initialize" time="0.0">
    <ignored/>
  </testcase> <!-- @BeforeSuite initialize -->
  <testcase classname="reusable.BaseClass" name="@BeforeSuite initialize" time="0.0">
    <ignored/>
  </testcase> <!-- @BeforeSuite initialize -->
  <testcase classname="reusable.BaseClass" name="@AfterSuite quit" time="0.0">
    <ignored/>
  </testcase> <!-- @AfterSuite quit -->
  <testcase classname="reusable.BaseClass" name="@AfterSuite quit" time="0.0">
    <ignored/>
  </testcase> <!-- @AfterSuite quit -->
  <testcase classname="reusable.BaseClass" name="@AfterSuite quit" time="0.0">
    <ignored/>
  </testcase> <!-- @AfterSuite quit -->
  <testcase classname="reusable.BaseClass" name="@AfterSuite quit" time="0.0">
    <ignored/>
  </testcase> <!-- @AfterSuite quit -->
  <testcase classname="reusable.BaseClass" name="@AfterSuite quit" time="0.0">
    <ignored/>
  </testcase> <!-- @AfterSuite quit -->
  <testcase classname="reusable.BaseClass" name="@AfterSuite quit" time="0.0">
    <ignored/>
  </testcase> <!-- @AfterSuite quit -->
  <testcase classname="reusable.BaseClass" name="@AfterSuite quit" time="0.0">
    <ignored/>
  </testcase> <!-- @AfterSuite quit -->
  <testcase classname="reusable.BaseClass" name="@AfterSuite quit" time="0.0">
    <ignored/>
  </testcase> <!-- @AfterSuite quit -->
  <testcase classname="reusable.BaseClass" name="@AfterSuite quit" time="0.0">
    <ignored/>
  </testcase> <!-- @AfterSuite quit -->
</testsuite> <!-- Test -->
