<?xml version="1.0" encoding="UTF-8"?>
<testsuite xmlns:xsi="http://www.w3.org/2001/XMLSchema-instance" xsi:noNamespaceSchemaLocation="https://maven.apache.org/surefire/maven-surefire-plugin/xsd/surefire-test-report-3.0.xsd" version="3.0" name="TestSuite" time="131.294" tests="10" errors="0" skipped="0" failures="0">
  <properties>
[...]
</properties>
  <testcase name="productSearch[public void runner.TideSearchFunctionTest.productSearch(java.lang.reflect.Method)](1)" classname="runner.TideSearchFunctionTest" time="8.349">
    <system-out><![CDATA[[INFO ] 2022-07-30 13:08:53.069 [main] BaseClass - Initilize Method invoked @Before Suite
[INFO ] 2022-07-30 13:08:53.834 [main] BaseClass - Browser Invoked @Before Suite
[TRACE] 2022-07-30 13:09:03.704 [main] BaseClass - productSearch ::invoked 
[INFO ] 2022-07-30 13:09:05.851 [main] BaseClass - pageObjects.TideSearchPageMethod was invoking 
Follow care label instructions, then sort.
Test inside seam for colorfastness.
[FATAL] 2022-07-30 13:09:12.048 [main] BaseClass - Assertion passes
[FATAL] 2022-07-30 13:09:12.049 [main] BaseClass - productSearch::excecuted sucessfully
]]></system-out>
    <system-err><![CDATA[Starting Microsoft Edge WebDriver 103.0.1264.71 (1f7a1d165042010b399db54bd56390dd47e15013) on port 11577
To submit feedback, report a bug, or suggest new features, please visit https://github.com/MicrosoftEdge/EdgeWebDriver

Only local connections are allowed.
Please see https://aka.ms/WebDriverSecurity for suggestions on keeping Microsoft Edge WebDriver safe.

Microsoft Edge WebDriver was started successfully.
Jul 30, 2022 1:08:56 PM org.openqa.selenium.remote.ProtocolHandshake createSession
INFO: Detected dialect: W3C
]]></system-err>
  </testcase>
  <testcase name="productsTest[public void runner.TideProductsPageTest.productsTest(java.lang.reflect.Method)](1)" classname="runner.TideProductsPageTest" time="11.995">
    <system-out><![CDATA[[INFO ] 2022-07-30 13:09:12.053 [main] BaseClass - Validtaing the Test @Before Suite
[INFO ] 2022-07-30 13:09:12.349 [main] BaseClass - Validation suceesfully passes
[INFO ] 2022-07-30 13:09:13.239 [main] BaseClass - Browser closed
[INFO ] 2022-07-30 13:09:13.241 [main] BaseClass - Browser Invoked @Before Suite
[TRACE] 2022-07-30 13:09:20.013 [main] BaseClass - productsTest ::invoked 
[INFO ] 2022-07-30 13:09:22.026 [main] BaseClass - pageObjects.TideShopProductsPagecreated object for this class
$11.58
[FATAL] 2022-07-30 13:09:32.007 [main] BaseClass - Assertion passes
[TRACE] 2022-07-30 13:09:32.007 [main] BaseClass - productsTest::excecuted sucessfully
]]></system-out>
    <system-err><![CDATA[Starting Microsoft Edge WebDriver 103.0.1264.71 (1f7a1d165042010b399db54bd56390dd47e15013) on port 26376
To submit feedback, report a bug, or suggest new features, please visit https://github.com/MicrosoftEdge/EdgeWebDriver

Only local connections are allowed.
Please see https://aka.ms/WebDriverSecurity for suggestions on keeping Microsoft Edge WebDriver safe.

Microsoft Edge WebDriver was started successfully.
Jul 30, 2022 1:09:14 PM org.openqa.selenium.remote.ProtocolHandshake createSession
INFO: Detected dialect: W3C
]]></system-err>
  </testcase>
  <testcase name="RemoveStains[public void runner.TideInoWashPageTest.RemoveStains(java.lang.reflect.Method)](1)" classname="runner.TideInoWashPageTest" time="4.022">
    <system-out><![CDATA[[INFO ] 2022-07-30 13:09:32.008 [main] BaseClass - Validtaing the Test @Before Suite
[INFO ] 2022-07-30 13:09:32.236 [main] BaseClass - Validation suceesfully passes
[INFO ] 2022-07-30 13:09:33.187 [main] BaseClass - Browser closed
[INFO ] 2022-07-30 13:09:33.187 [main] BaseClass - Browser Invoked @Before Suite
[TRACE] 2022-07-30 13:09:38.905 [main] BaseClass - RemoveStains ::invoked 
[INFO ] 2022-07-30 13:09:40.960 [main] BaseClass - pageObjects.TideInfoAbtWashPage Was invoking the method
How to Remove Egg Stains
[FATAL] 2022-07-30 13:09:42.927 [main] BaseClass - Assertion passes
[FATAL] 2022-07-30 13:09:42.927 [main] BaseClass - RemoveStains::excecuted sucessfully
]]></system-out>
    <system-err><![CDATA[Starting Microsoft Edge WebDriver 103.0.1264.71 (1f7a1d165042010b399db54bd56390dd47e15013) on port 4215
To submit feedback, report a bug, or suggest new features, please visit https://github.com/MicrosoftEdge/EdgeWebDriver

Only local connections are allowed.
Please see https://aka.ms/WebDriverSecurity for suggestions on keeping Microsoft Edge WebDriver safe.

Microsoft Edge WebDriver was started successfully.
Jul 30, 2022 1:09:34 PM org.openqa.selenium.remote.ProtocolHandshake createSession
INFO: Detected dialect: W3C
]]></system-err>
  </testcase>
  <testcase name="commitment[public void runner.TideCommitmentTest.commitment(java.lang.reflect.Method)](1)" classname="runner.TideCommitmentTest" time="3.426">
    <system-out><![CDATA[[INFO ] 2022-07-30 13:09:42.928 [main] BaseClass - Validtaing the Test @Before Suite
[INFO ] 2022-07-30 13:09:43.219 [main] BaseClass - Validation suceesfully passes
[INFO ] 2022-07-30 13:09:44.175 [main] BaseClass - Browser closed
[INFO ] 2022-07-30 13:09:44.176 [main] BaseClass - Browser Invoked @Before Suite
[TRACE] 2022-07-30 13:09:49.904 [main] BaseClass - commitment ::invoked 
[FATAL] 2022-07-30 13:09:52.285 [main] BaseClass - Object was created 
We have always created products that improve people’s lives now and for generations to come—in fact sustainability and social good have always been a part of our business strategy.
[FATAL] 2022-07-30 13:09:53.327 [main] BaseClass - Assertion passes
[TRACE] 2022-07-30 13:09:53.328 [main] BaseClass - commitment::excecuted sucessfully
]]></system-out>
    <system-err><![CDATA[Starting Microsoft Edge WebDriver 103.0.1264.71 (1f7a1d165042010b399db54bd56390dd47e15013) on port 23720
To submit feedback, report a bug, or suggest new features, please visit https://github.com/MicrosoftEdge/EdgeWebDriver

Only local connections are allowed.
Please see https://aka.ms/WebDriverSecurity for suggestions on keeping Microsoft Edge WebDriver safe.

Microsoft Edge WebDriver was started successfully.
Jul 30, 2022 1:09:45 PM org.openqa.selenium.remote.ProtocolHandshake createSession
INFO: Detected dialect: W3C
]]></system-err>
  </testcase>
  <testcase name="productTest[public void runner.TideProductTypeTest.productTest(java.lang.reflect.Method)](1)" classname="runner.TideProductTypeTest" time="3.175">
    <system-out><![CDATA[[INFO ] 2022-07-30 13:09:53.330 [main] BaseClass - Validtaing the Test @Before Suite
[INFO ] 2022-07-30 13:09:54.180 [main] BaseClass - Validation suceesfully passes
[INFO ] 2022-07-30 13:09:55.153 [main] BaseClass - Browser closed
[INFO ] 2022-07-30 13:09:55.153 [main] BaseClass - Browser Invoked @Before Suite
[TRACE] 2022-07-30 13:10:00.497 [main] BaseClass - productTest ::invoked 
[INFO ] 2022-07-30 13:10:02.648 [main] BaseClass - pageObjects.TideProductsTypePageCreated onject for this class
Washing Machine Cleaner
[FATAL] 2022-07-30 13:10:03.672 [main] BaseClass - Assertion passes
[TRACE] 2022-07-30 13:10:03.672 [main] BaseClass - productTest::excecuted sucessfully
]]></system-out>
    <system-err><![CDATA[Starting Microsoft Edge WebDriver 103.0.1264.71 (1f7a1d165042010b399db54bd56390dd47e15013) on port 39644
To submit feedback, report a bug, or suggest new features, please visit https://github.com/MicrosoftEdge/EdgeWebDriver

Only local connections are allowed.
Please see https://aka.ms/WebDriverSecurity for suggestions on keeping Microsoft Edge WebDriver safe.

Microsoft Edge WebDriver was started successfully.
Jul 30, 2022 1:09:56 PM org.openqa.selenium.remote.ProtocolHandshake createSession
INFO: Detected dialect: W3C
]]></system-err>
  </testcase>
  <testcase name="termsCon[public void runner.TideTandCTest.termsCon(java.lang.reflect.Method)](1)" classname="runner.TideTandCTest" time="3.712">
    <system-out><![CDATA[[INFO ] 2022-07-30 13:10:03.673 [main] BaseClass - Validtaing the Test @Before Suite
[INFO ] 2022-07-30 13:10:04.036 [main] BaseClass - Validation suceesfully passes
[INFO ] 2022-07-30 13:10:04.986 [main] BaseClass - Browser closed
[INFO ] 2022-07-30 13:10:04.987 [main] BaseClass - Browser Invoked @Before Suite
[TRACE] 2022-07-30 13:10:10.988 [main] BaseClass - termsCon ::invoked 
P&G Terms & Conditions: electronic signature, chat room
[FATAL] 2022-07-30 13:10:14.698 [main] BaseClass - Assertion passes
[DEBUG] 2022-07-30 13:10:14.698 [main] BaseClass - termsCon::excecuted sucessfully
]]></system-out>
    <system-err><![CDATA[Starting Microsoft Edge WebDriver 103.0.1264.71 (1f7a1d165042010b399db54bd56390dd47e15013) on port 34763
To submit feedback, report a bug, or suggest new features, please visit https://github.com/MicrosoftEdge/EdgeWebDriver

Only local connections are allowed.
Please see https://aka.ms/WebDriverSecurity for suggestions on keeping Microsoft Edge WebDriver safe.

Microsoft Edge WebDriver was started successfully.
Jul 30, 2022 1:10:06 PM org.openqa.selenium.remote.ProtocolHandshake createSession
INFO: Detected dialect: W3C
]]></system-err>
  </testcase>
  <testcase name="article[public void runner.TideArticleTest.article(java.lang.reflect.Method)](1)" classname="runner.TideArticleTest" time="3.177">
    <system-out><![CDATA[[INFO ] 2022-07-30 13:10:14.700 [main] BaseClass - Validtaing the Test @Before Suite
[INFO ] 2022-07-30 13:10:14.966 [main] BaseClass - Validation suceesfully passes
[INFO ] 2022-07-30 13:10:15.928 [main] BaseClass - Browser closed
[INFO ] 2022-07-30 13:10:15.929 [main] BaseClass - Browser Invoked @Before Suite
[INFO ] 2022-07-30 13:10:21.260 [main] BaseClass - article ::invoked 
[FATAL] 2022-07-30 13:10:23.749 [main] BaseClass - Scrolling down the window
[FATAL] 2022-07-30 13:10:24.436 [main] BaseClass - Assertion passes
[TRACE] 2022-07-30 13:10:24.436 [main] BaseClass - article::excecuted sucessfully
]]></system-out>
    <system-err><![CDATA[Starting Microsoft Edge WebDriver 103.0.1264.71 (1f7a1d165042010b399db54bd56390dd47e15013) on port 28788
To submit feedback, report a bug, or suggest new features, please visit https://github.com/MicrosoftEdge/EdgeWebDriver

Only local connections are allowed.
Please see https://aka.ms/WebDriverSecurity for suggestions on keeping Microsoft Edge WebDriver safe.

Microsoft Edge WebDriver was started successfully.
Jul 30, 2022 1:10:17 PM org.openqa.selenium.remote.ProtocolHandshake createSession
INFO: Detected dialect: W3C
]]></system-err>
  </testcase>
  <testcase name="rewadsTest[public void runner.TideCoupnAndrRewardTest.rewadsTest(java.lang.reflect.Method)](1)" classname="runner.TideCoupnAndrRewardTest" time="5.685">
    <system-out><![CDATA[[INFO ] 2022-07-30 13:10:24.437 [main] BaseClass - Validtaing the Test @Before Suite
[INFO ] 2022-07-30 13:10:24.792 [main] BaseClass - Validation suceesfully passes
[INFO ] 2022-07-30 13:10:25.849 [main] BaseClass - Browser closed
[INFO ] 2022-07-30 13:10:25.850 [main] BaseClass - Browser Invoked @Before Suite
[FATAL] 2022-07-30 13:10:33.870 [main] BaseClass - rewadsTest ::invoked 
[INFO ] 2022-07-30 13:10:36.280 [main] BaseClass - pageObjects.TideCoupnAndRewadPage created object for this class
Signup Now - Get Access to Exclusive Tide Coupons | P&GGoodEveryday
[FATAL] 2022-07-30 13:10:39.555 [main] BaseClass - Assertion passes
[FATAL] 2022-07-30 13:10:39.555 [main] BaseClass - rewadsTest::excecuted sucessfully
]]></system-out>
    <system-err><![CDATA[Starting Microsoft Edge WebDriver 103.0.1264.71 (1f7a1d165042010b399db54bd56390dd47e15013) on port 24649
To submit feedback, report a bug, or suggest new features, please visit https://github.com/MicrosoftEdge/EdgeWebDriver

Only local connections are allowed.
Please see https://aka.ms/WebDriverSecurity for suggestions on keeping Microsoft Edge WebDriver safe.

Microsoft Edge WebDriver was started successfully.
Jul 30, 2022 1:10:27 PM org.openqa.selenium.remote.ProtocolHandshake createSession
INFO: Detected dialect: W3C
]]></system-err>
  </testcase>
  <testcase name="newLaunch[public void runner.TideNewLaunchTest.newLaunch(java.lang.reflect.Method)](1)" classname="runner.TideNewLaunchTest" time="2.887">
    <system-out><![CDATA[[INFO ] 2022-07-30 13:10:39.556 [main] BaseClass - Validtaing the Test @Before Suite
[INFO ] 2022-07-30 13:10:40.244 [main] BaseClass - Validation suceesfully passes
[INFO ] 2022-07-30 13:10:41.498 [main] BaseClass - Browser closed
[INFO ] 2022-07-30 13:10:41.499 [main] BaseClass - Browser Invoked @Before Suite
[FATAL] 2022-07-30 13:10:48.460 [main] BaseClass - newLaunch ::invoked 
[INFO ] 2022-07-30 13:10:50.728 [main] BaseClass - pageObjects.TideNewLaunchesPagecreated object for this class
Tide in Space
[FATAL] 2022-07-30 13:10:51.345 [main] BaseClass - Assertion passes
[TRACE] 2022-07-30 13:10:51.346 [main] BaseClass - newLaunch::excecuted sucessfully
]]></system-out>
    <system-err><![CDATA[Starting Microsoft Edge WebDriver 103.0.1264.71 (1f7a1d165042010b399db54bd56390dd47e15013) on port 22690
To submit feedback, report a bug, or suggest new features, please visit https://github.com/MicrosoftEdge/EdgeWebDriver

Only local connections are allowed.
Please see https://aka.ms/WebDriverSecurity for suggestions on keeping Microsoft Edge WebDriver safe.

Microsoft Edge WebDriver was started successfully.
Jul 30, 2022 1:10:43 PM org.openqa.selenium.remote.ProtocolHandshake createSession
INFO: Detected dialect: W3C
]]></system-err>
  </testcase>
  <testcase name="chatWithSupport[public void runner.TideLiveChatPageTest.chatWithSupport(java.lang.reflect.Method)](1)" classname="runner.TideLiveChatPageTest" time="3.118">
    <system-out><![CDATA[[INFO ] 2022-07-30 13:10:51.347 [main] BaseClass - Validtaing the Test @Before Suite
[INFO ] 2022-07-30 13:10:51.701 [main] BaseClass - Validation suceesfully passes
[INFO ] 2022-07-30 13:10:52.668 [main] BaseClass - Browser closed
[INFO ] 2022-07-30 13:10:52.669 [main] BaseClass - Browser Invoked @Before Suite
[TRACE] 2022-07-30 13:10:57.716 [main] BaseClass - chatWithSupport ::invoked 
[INFO ] 2022-07-30 13:11:00.265 [main] BaseClass - pageObjects.TideLiveChatPagecreated object for this class
Tide's expert clean team is here to help you via our online chat. Available from Monday to Friday between 10 AM and 6 PM, we're happy to answer all your laundry-related questions.
[FATAL] 2022-07-30 13:11:00.833 [main] BaseClass - Assertion passes
[DEBUG] 2022-07-30 13:11:00.833 [main] BaseClass - chatWithSupport::excecuted sucessfully
]]></system-out>
    <system-err><![CDATA[Starting Microsoft Edge WebDriver 103.0.1264.71 (1f7a1d165042010b399db54bd56390dd47e15013) on port 41044
To submit feedback, report a bug, or suggest new features, please visit https://github.com/MicrosoftEdge/EdgeWebDriver

Only local connections are allowed.
Please see https://aka.ms/WebDriverSecurity for suggestions on keeping Microsoft Edge WebDriver safe.

Microsoft Edge WebDriver was started successfully.
Jul 30, 2022 1:10:54 PM org.openqa.selenium.remote.ProtocolHandshake createSession
INFO: Detected dialect: W3C
]]></system-err>
  </testcase>
</testsuite>